example6/game2/build/outputs/logs/manifest-merger-debug-report.txt
-- Merging decision tree log ---
manifest
ADDED from src\main\AndroidManifest.xml:2:1-57:12
	package
		ADDED from src\main\AndroidManifest.xml:2:70-98
		INJECTED from src\main\AndroidManifest.xml
		INJECTED from src\main\AndroidManifest.xml
	android:versionName
		ADDED from src\main\AndroidManifest.xml:2:99-124
		INJECTED from src\main\AndroidManifest.xml
		INJECTED from src\main\AndroidManifest.xml
	android:versionCode
		ADDED from src\main\AndroidManifest.xml:2:125-148
		INJECTED from src\main\AndroidManifest.xml
		INJECTED from src\main\AndroidManifest.xml
	xmlns:android
		ADDED from src\main\AndroidManifest.xml:2:11-69
	android:installLocation
		ADDED from src\main\AndroidManifest.xml:2:149-189
uses-feature#android.hardware.usb.host
ADDED from src\main\AndroidManifest.xml:4:5-5:34
	android:required
		ADDED from src\main\AndroidManifest.xml:5:9-32
	android:name
		ADDED from src\main\AndroidManifest.xml:4:19-59
application
ADDED from src\main\AndroidManifest.xml:8:5-49:19
	android:label
		ADDED from src\main\AndroidManifest.xml:8:79-111
	android:supportsRtl
		ADDED from src\main\AndroidManifest.xml:8:160-186
	android:roundIcon
		ADDED from src\main\AndroidManifest.xml:8:112-159
	android:allowBackup
		ADDED from src\main\AndroidManifest.xml:8:18-44
	android:icon
		ADDED from src\main\AndroidManifest.xml:8:45-78
	android:banner
		ADDED from src\main\AndroidManifest.xml:8:209-246
	android:isGame
		ADDED from src\main\AndroidManifest.xml:8:187-208
activity#com.Daedalus.game2.DeviceListActivity
ADDED from src\main\AndroidManifest.xml:9:9-24:20
	android:name
		ADDED from src\main\AndroidManifest.xml:9:19-71
intent-filter#android.intent.action.MAIN+android.intent.category.DEFAULT+android.intent.category.LAUNCHER
ADDED from src\main\AndroidManifest.xml:10:13-14:29
action#android.intent.action.MAIN
ADDED from src\main\AndroidManifest.xml:11:17-69
	android:name
		ADDED from src\main\AndroidManifest.xml:11:25-66
category#android.intent.category.DEFAULT
ADDED from src\main\AndroidManifest.xml:12:17-76
	android:name
		ADDED from src\main\AndroidManifest.xml:12:27-73
category#android.intent.category.LAUNCHER
ADDED from src\main\AndroidManifest.xml:13:17-77
	android:name
		ADDED from src\main\AndroidManifest.xml:13:27-74
intent-filter#android.hardware.usb.action.USB_DEVICE_ATTACHED
ADDED from src\main\AndroidManifest.xml:16:13-18:29
action#android.hardware.usb.action.USB_DEVICE_ATTACHED
ADDED from src\main\AndroidManifest.xml:17:17-90
	android:name
		ADDED from src\main\AndroidManifest.xml:17:25-87
meta-data#android.hardware.usb.action.USB_DEVICE_ATTACHED
ADDED from src\main\AndroidManifest.xml:20:13-22:50
	android:resource
		ADDED from src\main\AndroidManifest.xml:22:17-47
	android:name
		ADDED from src\main\AndroidManifest.xml:21:17-79
activity#com.Daedalus.game2.MainActivity
ADDED from src\main\AndroidManifest.xml:26:9-32:20
	android:name
		ADDED from src\main\AndroidManifest.xml:26:19-47
intent-filter#android.intent.action.MAIN+android.intent.category.LAUNCHER+android.intent.category.LEANBACK_LAUNCHER
ADDED from src\main\AndroidManifest.xml:27:13-31:29
category#android.intent.category.LEANBACK_LAUNCHER
ADDED from src\main\AndroidManifest.xml:30:17-86
	android:name
		ADDED from src\main\AndroidManifest.xml:30:27-83
activity#com.Daedalus.game2.SerialConsoleActivity
ADDED from src\main\AndroidManifest.xml:34:9-40:20
	android:name
		ADDED from src\main\AndroidManifest.xml:34:19-56
service#com.Daedalus.game2.UsbService
ADDED from src\main\AndroidManifest.xml:44:9-47:19
	android:enabled
		ADDED from src\main\AndroidManifest.xml:46:13-35
	android:name
		ADDED from src\main\AndroidManifest.xml:45:13-57
uses-sdk
ADDED from src\main\AndroidManifest.xml:50:5-74
MERGED from [:usbSerialForAndroid-release:] AndroidManifest.xml:6:5-8:41
MERGED from [com.github.felHR85:UsbSerial:4.5] AndroidManifest.xml:6:5-8:41
	android:targetSdkVersion
		ADDED from src\main\AndroidManifest.xml:50:42-71
		INJECTED from src\main\AndroidManifest.xml
		INJECTED from src\main\AndroidManifest.xml
	android:minSdkVersion
		ADDED from src\main\AndroidManifest.xml:50:15-41
uses-feature#0x00020000
ADDED from src\main\AndroidManifest.xml:51:5-54
	android:glEsVersion
		ADDED from src\main\AndroidManifest.xml:51:19-51
uses-feature#android.hardware.vulkan
ADDED from src\main\AndroidManifest.xml:52:5-85
	android:required
		ADDED from src\main\AndroidManifest.xml:52:58-82
	android:name
		ADDED from src\main\AndroidManifest.xml:52:19-57
uses-permission#android.permission.INTERNET
ADDED from src\main\AndroidManifest.xml:53:5-67
	android:name
		ADDED from src\main\AndroidManifest.xml:53:22-64
uses-feature#android.hardware.touchscreen
ADDED from src\main\AndroidManifest.xml:54:5-90
	android:required
		ADDED from src\main\AndroidManifest.xml:54:63-87
	android:name
		ADDED from src\main\AndroidManifest.xml:54:19-62
uses-feature#android.hardware.touchscreen.multitouch
ADDED from src\main\AndroidManifest.xml:55:5-101
	android:required
		ADDED from src\main\AndroidManifest.xml:55:74-98
	android:name
		ADDED from src\main\AndroidManifest.xml:55:19-73
uses-feature#android.hardware.touchscreen.multitouch.distinct
ADDED from src\main\AndroidManifest.xml:56:5-110
	android:required
		ADDED from src\main\AndroidManifest.xml:56:83-107
	android:name
		ADDED from src\main\AndroidManifest.xml:56:19-82